<?xml version="1.0" encoding="UTF-8"?>
<!-- Generated by org.testng.reporters.JUnitXMLReporter -->
<testsuite hostname="NC003" ignored="2" name="TC_AutoQCDRRegistryLogin" tests="0" failures="0" timestamp="26 Mar 2019 12:50:29 GMT" time="8.57" errors="0">
  <testcase name="@BeforeTest setupTest" time="0.0" classname="DemoMaven.Utilities.SuiteBase">
    <ignored/>
  </testcase> <!-- @BeforeTest setupTest -->
  <testcase name="@AfterTest tearownTest" time="0.0" classname="DemoMaven.Utilities.SuiteBase">
    <ignored/>
  </testcase> <!-- @AfterTest tearownTest -->
</testsuite> <!-- TC_AutoQCDRRegistryLogin -->
