<?xml version="1.0" encoding="UTF-8"?>
<!-- Generated by org.testng.reporters.JUnitXMLReporter -->
<testsuite hostname="NC003" name="TC_ClinicianProfileSave" tests="6" failures="0" timestamp="2 Jan 2019 13:06:28 GMT" time="223.065" errors="0">
  <testcase name="VerifyValidLogin" time="13.743" classname="mips.ProfileSaveActivityClinician"/>
  <testcase name="TC_switchToMIPSWindow" time="58.573" classname="mips.ProfileSaveActivityClinician"/>
  <testcase name="TC_selectPracticeClinician" time="37.327" classname="mips.ProfileSaveActivityClinician"/>
  <testcase name="TC_selectPracticeClinician" time="31.828" classname="mips.ProfileSaveActivityClinician"/>
  <testcase name="TC_selectPracticeClinician" time="33.406" classname="mips.ProfileSaveActivityClinician"/>
  <testcase name="TC_selectPracticeClinician" time="31.429" classname="mips.ProfileSaveActivityClinician"/>
</testsuite> <!-- TC_ClinicianProfileSave -->
