<?xml version="1.0" encoding="UTF-8"?>
<!-- Generated by org.testng.reporters.JUnitXMLReporter -->
<testsuite hostname="NC003" name="TC_GroupProfileSave" tests="4" failures="0" timestamp="28 Dec 2018 09:33:47 GMT" time="105.688" errors="0">
  <testcase name="VerifyValidLogin" time="20.231" classname="mips.ProfileSaveActivityGroup"/>
  <testcase name="TC_switchToMIPSWindow" time="26.774" classname="mips.ProfileSaveActivityGroup"/>
  <testcase name="TC_selectPractice" time="21.467" classname="mips.ProfileSaveActivityGroup"/>
  <testcase name="TC_selectPractice" time="21.23" classname="mips.ProfileSaveActivityGroup"/>
</testsuite> <!-- TC_GroupProfileSave -->
