<?xml version="1.0" encoding="UTF-8"?>
<!-- Generated by org.testng.reporters.JUnitXMLReporter -->
<testsuite hostname="NC003" ignored="0" name="VerifyLipid" tests="9" failures="1" timestamp="26 Apr 2019 09:27:13 GMT" time="75.949" errors="0">
  <testcase name="@AfterMethod check" time="0.703" classname="DemoMaven.Tests.DashBoard.LipidTests">
    <failure type="java.lang.NullPointerException">
      <![CDATA[java.lang.NullPointerException
at DemoMaven.Utilities.SuiteBase.captureFailureScreen(SuiteBase.java:128)
at DemoMaven.Tests.DashBoard.LipidTests.check(LipidTests.java:213)
... Removed 28 stack frames]]>
    </failure>
  </testcase> <!-- @AfterMethod check -->
  <testcase name="@BeforeMethod getMethodName" time="0.0" classname="DemoMaven.Tests.DashBoard.LipidTests">
    <skipped/>
  </testcase> <!-- @BeforeMethod getMethodName -->
  <testcase name="@AfterMethod check" time="0.0" classname="DemoMaven.Tests.DashBoard.LipidTests">
    <skipped/>
  </testcase> <!-- @AfterMethod check -->
  <testcase name="@BeforeMethod getMethodName" time="0.0" classname="DemoMaven.Tests.DashBoard.LipidTests">
    <skipped/>
  </testcase> <!-- @BeforeMethod getMethodName -->
  <testcase name="@AfterMethod check" time="0.0" classname="DemoMaven.Tests.DashBoard.LipidTests">
    <skipped/>
  </testcase> <!-- @AfterMethod check -->
  <testcase name="@BeforeMethod getMethodName" time="0.0" classname="DemoMaven.Tests.DashBoard.LipidTests">
    <skipped/>
  </testcase> <!-- @BeforeMethod getMethodName -->
  <testcase name="@AfterMethod check" time="0.0" classname="DemoMaven.Tests.DashBoard.LipidTests">
    <skipped/>
  </testcase> <!-- @AfterMethod check -->
  <testcase name="@BeforeMethod getMethodName" time="0.0" classname="DemoMaven.Tests.DashBoard.LipidTests">
    <skipped/>
  </testcase> <!-- @BeforeMethod getMethodName -->
  <testcase name="@AfterMethod check" time="0.0" classname="DemoMaven.Tests.DashBoard.LipidTests">
    <skipped/>
  </testcase> <!-- @AfterMethod check -->
  <testcase name="@BeforeMethod getMethodName" time="0.0" classname="DemoMaven.Tests.DashBoard.LipidTests">
    <skipped/>
  </testcase> <!-- @BeforeMethod getMethodName -->
  <testcase name="@AfterMethod check" time="0.0" classname="DemoMaven.Tests.DashBoard.LipidTests">
    <skipped/>
  </testcase> <!-- @AfterMethod check -->
  <testcase name="@AfterClass TearDown" time="0.0" classname="DemoMaven.Tests.DashBoard.LipidTests">
    <skipped/>
  </testcase> <!-- @AfterClass TearDown -->
  <testcase name="@AfterTest tearownTest" time="0.0" classname="DemoMaven.Utilities.SuiteBase">
    <skipped/>
  </testcase> <!-- @AfterTest tearownTest -->
  <testcase name="VerifyValidLogin" time="12.585" classname="DemoMaven.Tests.DashBoard.LipidTests"/>
  <testcase name="TC_verifySelectPractice" time="12.443" classname="DemoMaven.Tests.DashBoard.LipidTests"/>
  <testcase name="verifyNavigateToLipid" time="10.821" classname="DemoMaven.Tests.DashBoard.LipidTests"/>
  <testcase name="verify2018BothAllAll" time="9.07" classname="DemoMaven.Tests.DashBoard.LipidTests">
    <failure type="java.lang.AssertionError" message="Records are not matching expected [1001] but found [36]">
      <![CDATA[java.lang.AssertionError: Records are not matching expected [1001] but found [36]
at DemoMaven.CommonActions.CommonAction.CommonAction.verifyAssertEqual(CommonAction.java:145)
at DemoMaven.Tests.DashBoard.LipidTests.verify2018BothAllAll(LipidTests.java:197)
... Removed 30 stack frames]]>
    </failure>
  </testcase> <!-- verify2018BothAllAll -->
  <testcase name="verify2018BothAllAll" time="0.0" classname="DemoMaven.Tests.DashBoard.LipidTests">
    <skipped/>
  </testcase> <!-- verify2018BothAllAll -->
  <testcase name="verify2018BothAllAll" time="0.0" classname="DemoMaven.Tests.DashBoard.LipidTests">
    <skipped/>
  </testcase> <!-- verify2018BothAllAll -->
  <testcase name="verify2018BothAllAll" time="0.0" classname="DemoMaven.Tests.DashBoard.LipidTests">
    <skipped/>
  </testcase> <!-- verify2018BothAllAll -->
  <testcase name="verify2018BothAllAll" time="0.0" classname="DemoMaven.Tests.DashBoard.LipidTests">
    <skipped/>
  </testcase> <!-- verify2018BothAllAll -->
  <testcase name="verify2018BothAllAll" time="0.0" classname="DemoMaven.Tests.DashBoard.LipidTests">
    <skipped/>
  </testcase> <!-- verify2018BothAllAll -->
</testsuite> <!-- VerifyLipid -->
