<?xml version="1.0" encoding="UTF-8"?>
<!-- Generated by org.testng.reporters.JUnitXMLReporter -->
<testsuite hostname="NC003" ignored="0" name="VerifyNewDashboard" tests="3" failures="0" timestamp="12 Apr 2019 12:52:31 GMT" time="98.216" errors="0">
  <testcase name="VerifyValidLogin" time="9.841" classname="DemoMaven.Tests.DashBoard.NewDashBoardTest"/>
  <testcase name="TC_verifySelectPractice" time="3.346" classname="DemoMaven.Tests.DashBoard.NewDashBoardTest"/>
  <testcase name="TC_ProviderPatientDrillDown" time="4.477" classname="DemoMaven.Tests.DashBoard.NewDashBoardTest"/>
</testsuite> <!-- VerifyNewDashboard -->
