<?xml version="1.0" encoding="UTF-8"?>
<testng-results skipped="5" failed="1" ignored="0" total="9" passed="3">
  <reporter-output>
  </reporter-output>
  <suite name="Suite" duration-ms="75949" started-at="2019-04-26T09:25:57Z" finished-at="2019-04-26T09:27:13Z">
    <groups>
    </groups>
    <test name="VerifyLipid" duration-ms="75949" started-at="2019-04-26T09:25:57Z" finished-at="2019-04-26T09:27:13Z">
      <class name="DemoMaven.Tests.DashBoard.LipidTests">
        <test-method status="PASS" signature="setupTest()[pri:0, instance:DemoMaven.Tests.DashBoard.LipidTests@382db087]" name="setupTest" is-config="true" duration-ms="10601" started-at="2019-04-26T09:25:57Z" finished-at="2019-04-26T09:26:08Z">
          <reporter-output>
          </reporter-output>
        </test-method> <!-- setupTest -->
        <test-method status="PASS" signature="setReport()[pri:0, instance:DemoMaven.Tests.DashBoard.LipidTests@382db087]" name="setReport" is-config="true" duration-ms="311" started-at="2019-04-26T09:26:08Z" finished-at="2019-04-26T09:26:08Z">
          <reporter-output>
          </reporter-output>
        </test-method> <!-- setReport -->
        <test-method status="PASS" signature="getMethodName(java.lang.reflect.Method)[pri:0, instance:DemoMaven.Tests.DashBoard.LipidTests@382db087]" name="getMethodName" is-config="true" duration-ms="1" started-at="2019-04-26T09:26:13Z" finished-at="2019-04-26T09:26:13Z">
          <params>
            <param index="0">
              <value>
                <![CDATA[public void DemoMaven.Tests.DashBoard.LipidTests.VerifyValidLogin(java.util.Hashtable) throws java.lang.Exception]]>
              </value>
            </param>
          </params>
          <reporter-output>
          </reporter-output>
        </test-method> <!-- getMethodName -->
        <test-method status="PASS" signature="VerifyValidLogin(java.util.Hashtable)[pri:1, instance:DemoMaven.Tests.DashBoard.LipidTests@382db087]" name="VerifyValidLogin" duration-ms="12585" started-at="2019-04-26T09:26:13Z" data-provider="TC_AutoLogin" finished-at="2019-04-26T09:26:25Z">
          <params>
            <param index="0">
              <value>
                <![CDATA[{start_in=, login_pass=Admin@123, login_user=Shwetas}]]>
              </value>
            </param>
          </params>
          <reporter-output>
          </reporter-output>
        </test-method> <!-- VerifyValidLogin -->
        <test-method status="PASS" signature="check(org.testng.ITestResult, java.lang.reflect.Method)[pri:0, instance:DemoMaven.Tests.DashBoard.LipidTests@382db087]" name="check" is-config="true" duration-ms="1" started-at="2019-04-26T09:26:25Z" finished-at="2019-04-26T09:26:25Z">
          <params>
            <param index="0">
              <value>
                <![CDATA[[TestResult name=VerifyValidLogin status=SUCCESS method=LipidTests.VerifyValidLogin(java.util.Hashtable)[pri:1, instance:DemoMaven.Tests.DashBoard.LipidTests@382db087] output={null}]]]>
              </value>
            </param>
            <param index="1">
              <value>
                <![CDATA[public void DemoMaven.Tests.DashBoard.LipidTests.VerifyValidLogin(java.util.Hashtable) throws java.lang.Exception]]>
              </value>
            </param>
          </params>
          <reporter-output>
          </reporter-output>
        </test-method> <!-- check -->
        <test-method status="PASS" signature="TC_verifySelectPractice(java.util.Hashtable)[pri:2, instance:DemoMaven.Tests.DashBoard.LipidTests@382db087]" name="TC_verifySelectPractice" duration-ms="12443" started-at="2019-04-26T09:26:28Z" data-provider="TC_verifySelectPractice" finished-at="2019-04-26T09:26:40Z">
          <params>
            <param index="0">
              <value>
                <![CDATA[{PracticeID=151780, ServerName=select  Lipid_ServerName as ServerName from PracticeCDRTblencounterMap where practiceid='@practiceid', DBName= select  Lipid_DatabaseName as DBName  from PracticeCDRTblencounterMap where practiceid='@practiceid'}]]>
              </value>
            </param>
          </params>
          <reporter-output>
          </reporter-output>
        </test-method> <!-- TC_verifySelectPractice -->
        <test-method status="PASS" signature="getMethodName(java.lang.reflect.Method)[pri:0, instance:DemoMaven.Tests.DashBoard.LipidTests@382db087]" name="getMethodName" is-config="true" duration-ms="0" started-at="2019-04-26T09:26:28Z" finished-at="2019-04-26T09:26:28Z">
          <params>
            <param index="0">
              <value>
                <![CDATA[public void DemoMaven.Tests.DashBoard.LipidTests.TC_verifySelectPractice(java.util.Hashtable) throws java.lang.Exception]]>
              </value>
            </param>
          </params>
          <reporter-output>
          </reporter-output>
        </test-method> <!-- getMethodName -->
        <test-method status="PASS" signature="check(org.testng.ITestResult, java.lang.reflect.Method)[pri:0, instance:DemoMaven.Tests.DashBoard.LipidTests@382db087]" name="check" is-config="true" duration-ms="0" started-at="2019-04-26T09:26:40Z" finished-at="2019-04-26T09:26:40Z">
          <params>
            <param index="0">
              <value>
                <![CDATA[[TestResult name=TC_verifySelectPractice status=SUCCESS method=LipidTests.TC_verifySelectPractice(java.util.Hashtable)[pri:2, instance:DemoMaven.Tests.DashBoard.LipidTests@382db087] output={null}]]]>
              </value>
            </param>
            <param index="1">
              <value>
                <![CDATA[public void DemoMaven.Tests.DashBoard.LipidTests.TC_verifySelectPractice(java.util.Hashtable) throws java.lang.Exception]]>
              </value>
            </param>
          </params>
          <reporter-output>
          </reporter-output>
        </test-method> <!-- check -->
        <test-method status="PASS" signature="getMethodName(java.lang.reflect.Method)[pri:0, instance:DemoMaven.Tests.DashBoard.LipidTests@382db087]" name="getMethodName" is-config="true" duration-ms="0" started-at="2019-04-26T09:26:41Z" finished-at="2019-04-26T09:26:41Z">
          <params>
            <param index="0">
              <value>
                <![CDATA[public void DemoMaven.Tests.DashBoard.LipidTests.verifyNavigateToLipid(java.util.Hashtable) throws java.lang.Exception]]>
              </value>
            </param>
          </params>
          <reporter-output>
          </reporter-output>
        </test-method> <!-- getMethodName -->
        <test-method status="PASS" signature="verifyNavigateToLipid(java.util.Hashtable)[pri:3, instance:DemoMaven.Tests.DashBoard.LipidTests@382db087]" name="verifyNavigateToLipid" duration-ms="10821" started-at="2019-04-26T09:26:41Z" data-provider="TC_NavigateToLipid" depends-on-methods="DemoMaven.Tests.DashBoard.LipidTests.VerifyValidLogin, DemoMaven.Tests.DashBoard.LipidTests.TC_verifySelectPractice" finished-at="2019-04-26T09:26:52Z">
          <params>
            <param index="0">
              <value>
                <![CDATA[{WebPageName=Lipid Pathway}]]>
              </value>
            </param>
          </params>
          <reporter-output>
          </reporter-output>
        </test-method> <!-- verifyNavigateToLipid -->
        <test-method status="PASS" signature="check(org.testng.ITestResult, java.lang.reflect.Method)[pri:0, instance:DemoMaven.Tests.DashBoard.LipidTests@382db087]" name="check" is-config="true" duration-ms="1" started-at="2019-04-26T09:26:52Z" finished-at="2019-04-26T09:26:52Z">
          <params>
            <param index="0">
              <value>
                <![CDATA[[TestResult name=verifyNavigateToLipid status=SUCCESS method=LipidTests.verifyNavigateToLipid(java.util.Hashtable)[pri:3, instance:DemoMaven.Tests.DashBoard.LipidTests@382db087] output={null}]]]>
              </value>
            </param>
            <param index="1">
              <value>
                <![CDATA[public void DemoMaven.Tests.DashBoard.LipidTests.verifyNavigateToLipid(java.util.Hashtable) throws java.lang.Exception]]>
              </value>
            </param>
          </params>
          <reporter-output>
          </reporter-output>
        </test-method> <!-- check -->
        <test-method status="PASS" signature="getMethodName(java.lang.reflect.Method)[pri:0, instance:DemoMaven.Tests.DashBoard.LipidTests@382db087]" name="getMethodName" is-config="true" duration-ms="1" started-at="2019-04-26T09:27:03Z" finished-at="2019-04-26T09:27:03Z">
          <params>
            <param index="0">
              <value>
                <![CDATA[public void DemoMaven.Tests.DashBoard.LipidTests.verify2018BothAllAll(java.util.Hashtable) throws java.lang.Exception]]>
              </value>
            </param>
          </params>
          <reporter-output>
          </reporter-output>
        </test-method> <!-- getMethodName -->
        <test-method status="FAIL" signature="verify2018BothAllAll(java.util.Hashtable)[pri:4, instance:DemoMaven.Tests.DashBoard.LipidTests@382db087]" name="verify2018BothAllAll" duration-ms="9070" started-at="2019-04-26T09:27:03Z" data-provider="getDataLipid2018" depends-on-methods="DemoMaven.Tests.DashBoard.LipidTests.VerifyValidLogin, DemoMaven.Tests.DashBoard.LipidTests.TC_verifySelectPractice, DemoMaven.Tests.DashBoard.LipidTests.verifyNavigateToLipid" finished-at="2019-04-26T09:27:12Z">
          <params>
            <param index="0">
              <value>
                <![CDATA[{Pathway=All, Query=select count(*) as total from [@servername].[@dbname].dbo.LipidPatientDetail_2018 lp inner join Practice p on p.PracticeUid = lp.PracticeUid where p.ExternalId='@practice' and  quarterEnddate='@quarter' , Year=2018, LDL=All, ASCVD/Diabetes=Both}]]>
              </value>
            </param>
          </params>
          <exception class="java.lang.AssertionError">
            <message>
              <![CDATA[Records are not matching expected [1001] but found [36]]]>
            </message>
            <full-stacktrace>
              <![CDATA[java.lang.AssertionError: Records are not matching expected [1001] but found [36]
at org.testng.Assert.fail(Assert.java:96)
at org.testng.Assert.failNotEquals(Assert.java:776)
at org.testng.Assert.assertEqualsImpl(Assert.java:137)
at org.testng.Assert.assertEquals(Assert.java:118)
at org.testng.Assert.assertEquals(Assert.java:453)
at DemoMaven.CommonActions.CommonAction.CommonAction.verifyAssertEqual(CommonAction.java:145)
at DemoMaven.Tests.DashBoard.LipidTests.verify2018BothAllAll(LipidTests.java:197)
at sun.reflect.NativeMethodAccessorImpl.invoke0(Native Method)
at sun.reflect.NativeMethodAccessorImpl.invoke(NativeMethodAccessorImpl.java:62)
at sun.reflect.DelegatingMethodAccessorImpl.invoke(DelegatingMethodAccessorImpl.java:43)
at java.lang.reflect.Method.invoke(Method.java:497)
at org.testng.internal.MethodInvocationHelper.invokeMethod(MethodInvocationHelper.java:124)
at org.testng.internal.Invoker.invokeMethod(Invoker.java:580)
at org.testng.internal.Invoker.invokeTestMethod(Invoker.java:716)
at org.testng.internal.Invoker.invokeTestMethods(Invoker.java:988)
at org.testng.internal.TestMethodWorker.invokeTestMethods(TestMethodWorker.java:125)
at org.testng.internal.TestMethodWorker.run(TestMethodWorker.java:109)
at org.testng.TestRunner.privateRun(TestRunner.java:648)
at org.testng.TestRunner.run(TestRunner.java:505)
at org.testng.SuiteRunner.runTest(SuiteRunner.java:455)
at org.testng.SuiteRunner.runSequentially(SuiteRunner.java:450)
at org.testng.SuiteRunner.privateRun(SuiteRunner.java:415)
at org.testng.SuiteRunner.run(SuiteRunner.java:364)
at org.testng.SuiteRunnerWorker.runSuite(SuiteRunnerWorker.java:52)
at org.testng.SuiteRunnerWorker.run(SuiteRunnerWorker.java:84)
at org.testng.TestNG.runSuitesSequentially(TestNG.java:1208)
at org.testng.TestNG.runSuitesLocally(TestNG.java:1137)
at org.testng.TestNG.runSuites(TestNG.java:1049)
at org.testng.TestNG.run(TestNG.java:1017)
at org.testng.remote.AbstractRemoteTestNG.run(AbstractRemoteTestNG.java:114)
at org.testng.remote.RemoteTestNG.initAndRun(RemoteTestNG.java:251)
at org.testng.remote.RemoteTestNG.main(RemoteTestNG.java:77)
]]>
            </full-stacktrace>
          </exception> <!-- java.lang.AssertionError -->
          <reporter-output>
          </reporter-output>
        </test-method> <!-- verify2018BothAllAll -->
        <test-method status="FAIL" signature="check(org.testng.ITestResult, java.lang.reflect.Method)[pri:0, instance:DemoMaven.Tests.DashBoard.LipidTests@382db087]" name="check" is-config="true" duration-ms="703" started-at="2019-04-26T09:27:12Z" finished-at="2019-04-26T09:27:13Z">
          <params>
            <param index="0">
              <value>
                <![CDATA[[TestResult name=verify2018BothAllAll status=FAILURE method=LipidTests.verify2018BothAllAll(java.util.Hashtable)[pri:4, instance:DemoMaven.Tests.DashBoard.LipidTests@382db087] output={null}]]]>
              </value>
            </param>
            <param index="1">
              <value>
                <![CDATA[public void DemoMaven.Tests.DashBoard.LipidTests.verify2018BothAllAll(java.util.Hashtable) throws java.lang.Exception]]>
              </value>
            </param>
          </params>
          <exception class="java.lang.NullPointerException">
            <full-stacktrace>
              <![CDATA[java.lang.NullPointerException
at DemoMaven.Utilities.SuiteBase.captureFailureScreen(SuiteBase.java:128)
at DemoMaven.Tests.DashBoard.LipidTests.check(LipidTests.java:213)
at sun.reflect.NativeMethodAccessorImpl.invoke0(Native Method)
at sun.reflect.NativeMethodAccessorImpl.invoke(NativeMethodAccessorImpl.java:62)
at sun.reflect.DelegatingMethodAccessorImpl.invoke(DelegatingMethodAccessorImpl.java:43)
at java.lang.reflect.Method.invoke(Method.java:497)
at org.testng.internal.MethodInvocationHelper.invokeMethod(MethodInvocationHelper.java:124)
at org.testng.internal.MethodInvocationHelper.invokeMethodConsideringTimeout(MethodInvocationHelper.java:59)
at org.testng.internal.Invoker.invokeConfigurationMethod(Invoker.java:455)
at org.testng.internal.Invoker.invokeConfigurations(Invoker.java:222)
at org.testng.internal.Invoker.invokeMethod(Invoker.java:643)
at org.testng.internal.Invoker.invokeTestMethod(Invoker.java:716)
at org.testng.internal.Invoker.invokeTestMethods(Invoker.java:988)
at org.testng.internal.TestMethodWorker.invokeTestMethods(TestMethodWorker.java:125)
at org.testng.internal.TestMethodWorker.run(TestMethodWorker.java:109)
at org.testng.TestRunner.privateRun(TestRunner.java:648)
at org.testng.TestRunner.run(TestRunner.java:505)
at org.testng.SuiteRunner.runTest(SuiteRunner.java:455)
at org.testng.SuiteRunner.runSequentially(SuiteRunner.java:450)
at org.testng.SuiteRunner.privateRun(SuiteRunner.java:415)
at org.testng.SuiteRunner.run(SuiteRunner.java:364)
at org.testng.SuiteRunnerWorker.runSuite(SuiteRunnerWorker.java:52)
at org.testng.SuiteRunnerWorker.run(SuiteRunnerWorker.java:84)
at org.testng.TestNG.runSuitesSequentially(TestNG.java:1208)
at org.testng.TestNG.runSuitesLocally(TestNG.java:1137)
at org.testng.TestNG.runSuites(TestNG.java:1049)
at org.testng.TestNG.run(TestNG.java:1017)
at org.testng.remote.AbstractRemoteTestNG.run(AbstractRemoteTestNG.java:114)
at org.testng.remote.RemoteTestNG.initAndRun(RemoteTestNG.java:251)
at org.testng.remote.RemoteTestNG.main(RemoteTestNG.java:77)
]]>
            </full-stacktrace>
          </exception> <!-- java.lang.NullPointerException -->
          <reporter-output>
          </reporter-output>
        </test-method> <!-- check -->
        <test-method status="SKIP" signature="getMethodName(java.lang.reflect.Method)[pri:0, instance:DemoMaven.Tests.DashBoard.LipidTests@382db087]" name="getMethodName" is-config="true" duration-ms="0" started-at="2019-04-26T09:27:13Z" finished-at="2019-04-26T09:27:13Z">
          <reporter-output>
          </reporter-output>
        </test-method> <!-- getMethodName -->
        <test-method status="SKIP" signature="verify2018BothAllAll(java.util.Hashtable)[pri:4, instance:DemoMaven.Tests.DashBoard.LipidTests@382db087]" name="verify2018BothAllAll" duration-ms="0" started-at="2019-04-26T09:27:13Z" data-provider="getDataLipid2018" depends-on-methods="DemoMaven.Tests.DashBoard.LipidTests.VerifyValidLogin, DemoMaven.Tests.DashBoard.LipidTests.TC_verifySelectPractice, DemoMaven.Tests.DashBoard.LipidTests.verifyNavigateToLipid" finished-at="2019-04-26T09:27:13Z">
          <exception class="java.lang.NullPointerException">
            <full-stacktrace>
              <![CDATA[java.lang.NullPointerException
at DemoMaven.Utilities.SuiteBase.captureFailureScreen(SuiteBase.java:128)
at DemoMaven.Tests.DashBoard.LipidTests.check(LipidTests.java:213)
at sun.reflect.NativeMethodAccessorImpl.invoke0(Native Method)
at sun.reflect.NativeMethodAccessorImpl.invoke(NativeMethodAccessorImpl.java:62)
at sun.reflect.DelegatingMethodAccessorImpl.invoke(DelegatingMethodAccessorImpl.java:43)
at java.lang.reflect.Method.invoke(Method.java:497)
at org.testng.internal.MethodInvocationHelper.invokeMethod(MethodInvocationHelper.java:124)
at org.testng.internal.MethodInvocationHelper.invokeMethodConsideringTimeout(MethodInvocationHelper.java:59)
at org.testng.internal.Invoker.invokeConfigurationMethod(Invoker.java:455)
at org.testng.internal.Invoker.invokeConfigurations(Invoker.java:222)
at org.testng.internal.Invoker.invokeMethod(Invoker.java:643)
at org.testng.internal.Invoker.invokeTestMethod(Invoker.java:716)
at org.testng.internal.Invoker.invokeTestMethods(Invoker.java:988)
at org.testng.internal.TestMethodWorker.invokeTestMethods(TestMethodWorker.java:125)
at org.testng.internal.TestMethodWorker.run(TestMethodWorker.java:109)
at org.testng.TestRunner.privateRun(TestRunner.java:648)
at org.testng.TestRunner.run(TestRunner.java:505)
at org.testng.SuiteRunner.runTest(SuiteRunner.java:455)
at org.testng.SuiteRunner.runSequentially(SuiteRunner.java:450)
at org.testng.SuiteRunner.privateRun(SuiteRunner.java:415)
at org.testng.SuiteRunner.run(SuiteRunner.java:364)
at org.testng.SuiteRunnerWorker.runSuite(SuiteRunnerWorker.java:52)
at org.testng.SuiteRunnerWorker.run(SuiteRunnerWorker.java:84)
at org.testng.TestNG.runSuitesSequentially(TestNG.java:1208)
at org.testng.TestNG.runSuitesLocally(TestNG.java:1137)
at org.testng.TestNG.runSuites(TestNG.java:1049)
at org.testng.TestNG.run(TestNG.java:1017)
at org.testng.remote.AbstractRemoteTestNG.run(AbstractRemoteTestNG.java:114)
at org.testng.remote.RemoteTestNG.initAndRun(RemoteTestNG.java:251)
at org.testng.remote.RemoteTestNG.main(RemoteTestNG.java:77)
]]>
            </full-stacktrace>
          </exception> <!-- java.lang.NullPointerException -->
          <reporter-output>
          </reporter-output>
        </test-method> <!-- verify2018BothAllAll -->
        <test-method status="SKIP" signature="check(org.testng.ITestResult, java.lang.reflect.Method)[pri:0, instance:DemoMaven.Tests.DashBoard.LipidTests@382db087]" name="check" is-config="true" duration-ms="0" started-at="2019-04-26T09:27:13Z" finished-at="2019-04-26T09:27:13Z">
          <reporter-output>
          </reporter-output>
        </test-method> <!-- check -->
        <test-method status="SKIP" signature="getMethodName(java.lang.reflect.Method)[pri:0, instance:DemoMaven.Tests.DashBoard.LipidTests@382db087]" name="getMethodName" is-config="true" duration-ms="0" started-at="2019-04-26T09:27:13Z" finished-at="2019-04-26T09:27:13Z">
          <reporter-output>
          </reporter-output>
        </test-method> <!-- getMethodName -->
        <test-method status="SKIP" signature="verify2018BothAllAll(java.util.Hashtable)[pri:4, instance:DemoMaven.Tests.DashBoard.LipidTests@382db087]" name="verify2018BothAllAll" duration-ms="0" started-at="2019-04-26T09:27:13Z" data-provider="getDataLipid2018" depends-on-methods="DemoMaven.Tests.DashBoard.LipidTests.VerifyValidLogin, DemoMaven.Tests.DashBoard.LipidTests.TC_verifySelectPractice, DemoMaven.Tests.DashBoard.LipidTests.verifyNavigateToLipid" finished-at="2019-04-26T09:27:13Z">
          <exception class="java.lang.NullPointerException">
            <full-stacktrace>
              <![CDATA[java.lang.NullPointerException
at DemoMaven.Utilities.SuiteBase.captureFailureScreen(SuiteBase.java:128)
at DemoMaven.Tests.DashBoard.LipidTests.check(LipidTests.java:213)
at sun.reflect.NativeMethodAccessorImpl.invoke0(Native Method)
at sun.reflect.NativeMethodAccessorImpl.invoke(NativeMethodAccessorImpl.java:62)
at sun.reflect.DelegatingMethodAccessorImpl.invoke(DelegatingMethodAccessorImpl.java:43)
at java.lang.reflect.Method.invoke(Method.java:497)
at org.testng.internal.MethodInvocationHelper.invokeMethod(MethodInvocationHelper.java:124)
at org.testng.internal.MethodInvocationHelper.invokeMethodConsideringTimeout(MethodInvocationHelper.java:59)
at org.testng.internal.Invoker.invokeConfigurationMethod(Invoker.java:455)
at org.testng.internal.Invoker.invokeConfigurations(Invoker.java:222)
at org.testng.internal.Invoker.invokeMethod(Invoker.java:643)
at org.testng.internal.Invoker.invokeTestMethod(Invoker.java:716)
at org.testng.internal.Invoker.invokeTestMethods(Invoker.java:988)
at org.testng.internal.TestMethodWorker.invokeTestMethods(TestMethodWorker.java:125)
at org.testng.internal.TestMethodWorker.run(TestMethodWorker.java:109)
at org.testng.TestRunner.privateRun(TestRunner.java:648)
at org.testng.TestRunner.run(TestRunner.java:505)
at org.testng.SuiteRunner.runTest(SuiteRunner.java:455)
at org.testng.SuiteRunner.runSequentially(SuiteRunner.java:450)
at org.testng.SuiteRunner.privateRun(SuiteRunner.java:415)
at org.testng.SuiteRunner.run(SuiteRunner.java:364)
at org.testng.SuiteRunnerWorker.runSuite(SuiteRunnerWorker.java:52)
at org.testng.SuiteRunnerWorker.run(SuiteRunnerWorker.java:84)
at org.testng.TestNG.runSuitesSequentially(TestNG.java:1208)
at org.testng.TestNG.runSuitesLocally(TestNG.java:1137)
at org.testng.TestNG.runSuites(TestNG.java:1049)
at org.testng.TestNG.run(TestNG.java:1017)
at org.testng.remote.AbstractRemoteTestNG.run(AbstractRemoteTestNG.java:114)
at org.testng.remote.RemoteTestNG.initAndRun(RemoteTestNG.java:251)
at org.testng.remote.RemoteTestNG.main(RemoteTestNG.java:77)
]]>
            </full-stacktrace>
          </exception> <!-- java.lang.NullPointerException -->
          <reporter-output>
          </reporter-output>
        </test-method> <!-- verify2018BothAllAll -->
        <test-method status="SKIP" signature="check(org.testng.ITestResult, java.lang.reflect.Method)[pri:0, instance:DemoMaven.Tests.DashBoard.LipidTests@382db087]" name="check" is-config="true" duration-ms="0" started-at="2019-04-26T09:27:13Z" finished-at="2019-04-26T09:27:13Z">
          <reporter-output>
          </reporter-output>
        </test-method> <!-- check -->
        <test-method status="SKIP" signature="getMethodName(java.lang.reflect.Method)[pri:0, instance:DemoMaven.Tests.DashBoard.LipidTests@382db087]" name="getMethodName" is-config="true" duration-ms="0" started-at="2019-04-26T09:27:13Z" finished-at="2019-04-26T09:27:13Z">
          <reporter-output>
          </reporter-output>
        </test-method> <!-- getMethodName -->
        <test-method status="SKIP" signature="verify2018BothAllAll(java.util.Hashtable)[pri:4, instance:DemoMaven.Tests.DashBoard.LipidTests@382db087]" name="verify2018BothAllAll" duration-ms="0" started-at="2019-04-26T09:27:13Z" data-provider="getDataLipid2018" depends-on-methods="DemoMaven.Tests.DashBoard.LipidTests.VerifyValidLogin, DemoMaven.Tests.DashBoard.LipidTests.TC_verifySelectPractice, DemoMaven.Tests.DashBoard.LipidTests.verifyNavigateToLipid" finished-at="2019-04-26T09:27:13Z">
          <exception class="java.lang.NullPointerException">
            <full-stacktrace>
              <![CDATA[java.lang.NullPointerException
at DemoMaven.Utilities.SuiteBase.captureFailureScreen(SuiteBase.java:128)
at DemoMaven.Tests.DashBoard.LipidTests.check(LipidTests.java:213)
at sun.reflect.NativeMethodAccessorImpl.invoke0(Native Method)
at sun.reflect.NativeMethodAccessorImpl.invoke(NativeMethodAccessorImpl.java:62)
at sun.reflect.DelegatingMethodAccessorImpl.invoke(DelegatingMethodAccessorImpl.java:43)
at java.lang.reflect.Method.invoke(Method.java:497)
at org.testng.internal.MethodInvocationHelper.invokeMethod(MethodInvocationHelper.java:124)
at org.testng.internal.MethodInvocationHelper.invokeMethodConsideringTimeout(MethodInvocationHelper.java:59)
at org.testng.internal.Invoker.invokeConfigurationMethod(Invoker.java:455)
at org.testng.internal.Invoker.invokeConfigurations(Invoker.java:222)
at org.testng.internal.Invoker.invokeMethod(Invoker.java:643)
at org.testng.internal.Invoker.invokeTestMethod(Invoker.java:716)
at org.testng.internal.Invoker.invokeTestMethods(Invoker.java:988)
at org.testng.internal.TestMethodWorker.invokeTestMethods(TestMethodWorker.java:125)
at org.testng.internal.TestMethodWorker.run(TestMethodWorker.java:109)
at org.testng.TestRunner.privateRun(TestRunner.java:648)
at org.testng.TestRunner.run(TestRunner.java:505)
at org.testng.SuiteRunner.runTest(SuiteRunner.java:455)
at org.testng.SuiteRunner.runSequentially(SuiteRunner.java:450)
at org.testng.SuiteRunner.privateRun(SuiteRunner.java:415)
at org.testng.SuiteRunner.run(SuiteRunner.java:364)
at org.testng.SuiteRunnerWorker.runSuite(SuiteRunnerWorker.java:52)
at org.testng.SuiteRunnerWorker.run(SuiteRunnerWorker.java:84)
at org.testng.TestNG.runSuitesSequentially(TestNG.java:1208)
at org.testng.TestNG.runSuitesLocally(TestNG.java:1137)
at org.testng.TestNG.runSuites(TestNG.java:1049)
at org.testng.TestNG.run(TestNG.java:1017)
at org.testng.remote.AbstractRemoteTestNG.run(AbstractRemoteTestNG.java:114)
at org.testng.remote.RemoteTestNG.initAndRun(RemoteTestNG.java:251)
at org.testng.remote.RemoteTestNG.main(RemoteTestNG.java:77)
]]>
            </full-stacktrace>
          </exception> <!-- java.lang.NullPointerException -->
          <reporter-output>
          </reporter-output>
        </test-method> <!-- verify2018BothAllAll -->
        <test-method status="SKIP" signature="check(org.testng.ITestResult, java.lang.reflect.Method)[pri:0, instance:DemoMaven.Tests.DashBoard.LipidTests@382db087]" name="check" is-config="true" duration-ms="0" started-at="2019-04-26T09:27:13Z" finished-at="2019-04-26T09:27:13Z">
          <reporter-output>
          </reporter-output>
        </test-method> <!-- check -->
        <test-method status="SKIP" signature="getMethodName(java.lang.reflect.Method)[pri:0, instance:DemoMaven.Tests.DashBoard.LipidTests@382db087]" name="getMethodName" is-config="true" duration-ms="0" started-at="2019-04-26T09:27:13Z" finished-at="2019-04-26T09:27:13Z">
          <reporter-output>
          </reporter-output>
        </test-method> <!-- getMethodName -->
        <test-method status="SKIP" signature="verify2018BothAllAll(java.util.Hashtable)[pri:4, instance:DemoMaven.Tests.DashBoard.LipidTests@382db087]" name="verify2018BothAllAll" duration-ms="0" started-at="2019-04-26T09:27:13Z" data-provider="getDataLipid2018" depends-on-methods="DemoMaven.Tests.DashBoard.LipidTests.VerifyValidLogin, DemoMaven.Tests.DashBoard.LipidTests.TC_verifySelectPractice, DemoMaven.Tests.DashBoard.LipidTests.verifyNavigateToLipid" finished-at="2019-04-26T09:27:13Z">
          <exception class="java.lang.NullPointerException">
            <full-stacktrace>
              <![CDATA[java.lang.NullPointerException
at DemoMaven.Utilities.SuiteBase.captureFailureScreen(SuiteBase.java:128)
at DemoMaven.Tests.DashBoard.LipidTests.check(LipidTests.java:213)
at sun.reflect.NativeMethodAccessorImpl.invoke0(Native Method)
at sun.reflect.NativeMethodAccessorImpl.invoke(NativeMethodAccessorImpl.java:62)
at sun.reflect.DelegatingMethodAccessorImpl.invoke(DelegatingMethodAccessorImpl.java:43)
at java.lang.reflect.Method.invoke(Method.java:497)
at org.testng.internal.MethodInvocationHelper.invokeMethod(MethodInvocationHelper.java:124)
at org.testng.internal.MethodInvocationHelper.invokeMethodConsideringTimeout(MethodInvocationHelper.java:59)
at org.testng.internal.Invoker.invokeConfigurationMethod(Invoker.java:455)
at org.testng.internal.Invoker.invokeConfigurations(Invoker.java:222)
at org.testng.internal.Invoker.invokeMethod(Invoker.java:643)
at org.testng.internal.Invoker.invokeTestMethod(Invoker.java:716)
at org.testng.internal.Invoker.invokeTestMethods(Invoker.java:988)
at org.testng.internal.TestMethodWorker.invokeTestMethods(TestMethodWorker.java:125)
at org.testng.internal.TestMethodWorker.run(TestMethodWorker.java:109)
at org.testng.TestRunner.privateRun(TestRunner.java:648)
at org.testng.TestRunner.run(TestRunner.java:505)
at org.testng.SuiteRunner.runTest(SuiteRunner.java:455)
at org.testng.SuiteRunner.runSequentially(SuiteRunner.java:450)
at org.testng.SuiteRunner.privateRun(SuiteRunner.java:415)
at org.testng.SuiteRunner.run(SuiteRunner.java:364)
at org.testng.SuiteRunnerWorker.runSuite(SuiteRunnerWorker.java:52)
at org.testng.SuiteRunnerWorker.run(SuiteRunnerWorker.java:84)
at org.testng.TestNG.runSuitesSequentially(TestNG.java:1208)
at org.testng.TestNG.runSuitesLocally(TestNG.java:1137)
at org.testng.TestNG.runSuites(TestNG.java:1049)
at org.testng.TestNG.run(TestNG.java:1017)
at org.testng.remote.AbstractRemoteTestNG.run(AbstractRemoteTestNG.java:114)
at org.testng.remote.RemoteTestNG.initAndRun(RemoteTestNG.java:251)
at org.testng.remote.RemoteTestNG.main(RemoteTestNG.java:77)
]]>
            </full-stacktrace>
          </exception> <!-- java.lang.NullPointerException -->
          <reporter-output>
          </reporter-output>
        </test-method> <!-- verify2018BothAllAll -->
        <test-method status="SKIP" signature="check(org.testng.ITestResult, java.lang.reflect.Method)[pri:0, instance:DemoMaven.Tests.DashBoard.LipidTests@382db087]" name="check" is-config="true" duration-ms="0" started-at="2019-04-26T09:27:13Z" finished-at="2019-04-26T09:27:13Z">
          <reporter-output>
          </reporter-output>
        </test-method> <!-- check -->
        <test-method status="SKIP" signature="getMethodName(java.lang.reflect.Method)[pri:0, instance:DemoMaven.Tests.DashBoard.LipidTests@382db087]" name="getMethodName" is-config="true" duration-ms="0" started-at="2019-04-26T09:27:13Z" finished-at="2019-04-26T09:27:13Z">
          <reporter-output>
          </reporter-output>
        </test-method> <!-- getMethodName -->
        <test-method status="SKIP" signature="verify2018BothAllAll(java.util.Hashtable)[pri:4, instance:DemoMaven.Tests.DashBoard.LipidTests@382db087]" name="verify2018BothAllAll" duration-ms="0" started-at="2019-04-26T09:27:13Z" data-provider="getDataLipid2018" depends-on-methods="DemoMaven.Tests.DashBoard.LipidTests.VerifyValidLogin, DemoMaven.Tests.DashBoard.LipidTests.TC_verifySelectPractice, DemoMaven.Tests.DashBoard.LipidTests.verifyNavigateToLipid" finished-at="2019-04-26T09:27:13Z">
          <exception class="java.lang.NullPointerException">
            <full-stacktrace>
              <![CDATA[java.lang.NullPointerException
at DemoMaven.Utilities.SuiteBase.captureFailureScreen(SuiteBase.java:128)
at DemoMaven.Tests.DashBoard.LipidTests.check(LipidTests.java:213)
at sun.reflect.NativeMethodAccessorImpl.invoke0(Native Method)
at sun.reflect.NativeMethodAccessorImpl.invoke(NativeMethodAccessorImpl.java:62)
at sun.reflect.DelegatingMethodAccessorImpl.invoke(DelegatingMethodAccessorImpl.java:43)
at java.lang.reflect.Method.invoke(Method.java:497)
at org.testng.internal.MethodInvocationHelper.invokeMethod(MethodInvocationHelper.java:124)
at org.testng.internal.MethodInvocationHelper.invokeMethodConsideringTimeout(MethodInvocationHelper.java:59)
at org.testng.internal.Invoker.invokeConfigurationMethod(Invoker.java:455)
at org.testng.internal.Invoker.invokeConfigurations(Invoker.java:222)
at org.testng.internal.Invoker.invokeMethod(Invoker.java:643)
at org.testng.internal.Invoker.invokeTestMethod(Invoker.java:716)
at org.testng.internal.Invoker.invokeTestMethods(Invoker.java:988)
at org.testng.internal.TestMethodWorker.invokeTestMethods(TestMethodWorker.java:125)
at org.testng.internal.TestMethodWorker.run(TestMethodWorker.java:109)
at org.testng.TestRunner.privateRun(TestRunner.java:648)
at org.testng.TestRunner.run(TestRunner.java:505)
at org.testng.SuiteRunner.runTest(SuiteRunner.java:455)
at org.testng.SuiteRunner.runSequentially(SuiteRunner.java:450)
at org.testng.SuiteRunner.privateRun(SuiteRunner.java:415)
at org.testng.SuiteRunner.run(SuiteRunner.java:364)
at org.testng.SuiteRunnerWorker.runSuite(SuiteRunnerWorker.java:52)
at org.testng.SuiteRunnerWorker.run(SuiteRunnerWorker.java:84)
at org.testng.TestNG.runSuitesSequentially(TestNG.java:1208)
at org.testng.TestNG.runSuitesLocally(TestNG.java:1137)
at org.testng.TestNG.runSuites(TestNG.java:1049)
at org.testng.TestNG.run(TestNG.java:1017)
at org.testng.remote.AbstractRemoteTestNG.run(AbstractRemoteTestNG.java:114)
at org.testng.remote.RemoteTestNG.initAndRun(RemoteTestNG.java:251)
at org.testng.remote.RemoteTestNG.main(RemoteTestNG.java:77)
]]>
            </full-stacktrace>
          </exception> <!-- java.lang.NullPointerException -->
          <reporter-output>
          </reporter-output>
        </test-method> <!-- verify2018BothAllAll -->
        <test-method status="SKIP" signature="check(org.testng.ITestResult, java.lang.reflect.Method)[pri:0, instance:DemoMaven.Tests.DashBoard.LipidTests@382db087]" name="check" is-config="true" duration-ms="0" started-at="2019-04-26T09:27:13Z" finished-at="2019-04-26T09:27:13Z">
          <reporter-output>
          </reporter-output>
        </test-method> <!-- check -->
        <test-method status="SKIP" signature="TearDown()[pri:0, instance:DemoMaven.Tests.DashBoard.LipidTests@382db087]" name="TearDown" is-config="true" duration-ms="0" started-at="2019-04-26T09:27:13Z" finished-at="2019-04-26T09:27:13Z">
          <reporter-output>
          </reporter-output>
        </test-method> <!-- TearDown -->
        <test-method status="SKIP" signature="tearownTest()[pri:0, instance:DemoMaven.Tests.DashBoard.LipidTests@382db087]" name="tearownTest" is-config="true" duration-ms="0" started-at="2019-04-26T09:27:13Z" finished-at="2019-04-26T09:27:13Z">
          <reporter-output>
          </reporter-output>
        </test-method> <!-- tearownTest -->
      </class> <!-- DemoMaven.Tests.DashBoard.LipidTests -->
    </test> <!-- VerifyLipid -->
  </suite> <!-- Suite -->
</testng-results>
