<?xml version="1.0" encoding="UTF-8"?>
<!-- Generated by org.testng.reporters.JUnitXMLReporter -->
<testsuite hostname="NC003" ignored="0" name="LipidTest" tests="10" failures="0" timestamp="15 Apr 2019 06:43:42 GMT" time="98.08" errors="0">
  <testcase name="VerifyValidLogin" time="17.827" classname="DemoMaven.Tests.DashBoard.LipidTests"/>
  <testcase name="TC_verifySelectPractice" time="5.582" classname="DemoMaven.Tests.DashBoard.LipidTests"/>
  <testcase name="verifyNavigateToLipid" time="0.948" classname="DemoMaven.Tests.DashBoard.LipidTests"/>
  <testcase name="verifyLipidMeasureSpecificationDocLinks" time="8.372" classname="DemoMaven.Tests.DashBoard.LipidTests"/>
  <testcase name="verify2018BothAllAll" time="5.907" classname="DemoMaven.Tests.DashBoard.LipidTests"/>
  <testcase name="verify2018BothAllAll" time="3.274" classname="DemoMaven.Tests.DashBoard.LipidTests"/>
  <testcase name="verify2018BothAllAll" time="3.863" classname="DemoMaven.Tests.DashBoard.LipidTests"/>
  <testcase name="verify2018BothAllAll" time="3.603" classname="DemoMaven.Tests.DashBoard.LipidTests"/>
  <testcase name="verify2018BothAllAll" time="5.092" classname="DemoMaven.Tests.DashBoard.LipidTests"/>
  <testcase name="verify2018BothAllAll" time="5.464" classname="DemoMaven.Tests.DashBoard.LipidTests"/>
</testsuite> <!-- LipidTest -->
